<?xml version="1.0" encoding="UTF-8"?>
<!-- Generated by org.testng.reporters.JUnitXMLReporter -->
<testsuite hostname="LAPTOP-24BK8BNN" ignored="0" name="nopCommerce Test1" tests="2" failures="0" timestamp="17 Jan 2019 03:16:09 GMT" time="42.176" errors="0">
  <testcase name="loginTest" time="9.078" classname="com.nopcommerce.testCases.TC_LoginTest_001"/>
  <testcase name="addNewCustomer" time="21.93" classname="com.nopcommerce.testCases.TC_AddCustomerTest_003"/>
</testsuite> <!-- nopCommerce Test1 -->
