<?xml version="1.0" encoding="UTF-8"?>
<!-- Generated by org.testng.reporters.JUnitXMLReporter -->
<testsuite hostname="LAPTOP-24BK8BNN" ignored="0" name="nopCommerce Test1" tests="2" failures="0" timestamp="18 Jan 2019 23:12:56 GMT" time="51.558" errors="0">
  <testcase name="loginTest" time="19.399" classname="com.nopcommerce.testCases.TC_LoginTest_001"/>
  <testcase name="addNewCustomer" time="22.497" classname="com.nopcommerce.testCases.TC_AddCustomerTest_003"/>
</testsuite> <!-- nopCommerce Test1 -->
