<?xml version="1.0" encoding="UTF-8"?>
<testng-results skipped="0" failed="0" ignored="0" total="2" passed="2">
  <reporter-output>
  </reporter-output>
  <suite name="nopCommerce" duration-ms="42176" started-at="2019-01-17T03:15:26Z" finished-at="2019-01-17T03:16:09Z">
    <groups>
    </groups>
    <test name="nopCommerce Test1" duration-ms="42176" started-at="2019-01-17T03:15:26Z" finished-at="2019-01-17T03:16:09Z">
      <class name="com.nopcommerce.testCases.TC_LoginTest_001">
        <test-method status="PASS" signature="setup(java.lang.String)[pri:0, instance:com.nopcommerce.testCases.TC_LoginTest_001@4883b407]" name="setup" is-config="true" duration-ms="6677" started-at="2019-01-17T03:15:27Z" finished-at="2019-01-17T03:15:33Z">
          <params>
            <param index="0">
              <value>
                <![CDATA[chrome]]>
              </value>
            </param>
          </params>
          <reporter-output>
          </reporter-output>
        </test-method> <!-- setup -->
        <test-method status="PASS" signature="loginTest()[pri:0, instance:com.nopcommerce.testCases.TC_LoginTest_001@4883b407]" name="loginTest" duration-ms="9078" started-at="2019-01-17T03:15:33Z" finished-at="2019-01-17T03:15:43Z">
          <reporter-output>
          </reporter-output>
        </test-method> <!-- loginTest -->
        <test-method status="PASS" signature="tearDown()[pri:0, instance:com.nopcommerce.testCases.TC_LoginTest_001@4883b407]" name="tearDown" is-config="true" duration-ms="0" started-at="2019-01-17T03:15:43Z" finished-at="2019-01-17T03:15:43Z">
          <reporter-output>
          </reporter-output>
        </test-method> <!-- tearDown -->
      </class> <!-- com.nopcommerce.testCases.TC_LoginTest_001 -->
      <class name="com.nopcommerce.testCases.TC_AddCustomerTest_003">
        <test-method status="PASS" signature="setup(java.lang.String)[pri:0, instance:com.nopcommerce.testCases.TC_AddCustomerTest_003@7d9d1a19]" name="setup" is-config="true" duration-ms="3857" started-at="2019-01-17T03:15:43Z" finished-at="2019-01-17T03:15:47Z">
          <params>
            <param index="0">
              <value>
                <![CDATA[chrome]]>
              </value>
            </param>
          </params>
          <reporter-output>
          </reporter-output>
        </test-method> <!-- setup -->
        <test-method status="PASS" signature="addNewCustomer()[pri:0, instance:com.nopcommerce.testCases.TC_AddCustomerTest_003@7d9d1a19]" name="addNewCustomer" duration-ms="21930" started-at="2019-01-17T03:15:47Z" finished-at="2019-01-17T03:16:09Z">
          <reporter-output>
          </reporter-output>
        </test-method> <!-- addNewCustomer -->
        <test-method status="PASS" signature="tearDown()[pri:0, instance:com.nopcommerce.testCases.TC_AddCustomerTest_003@7d9d1a19]" name="tearDown" is-config="true" duration-ms="0" started-at="2019-01-17T03:16:09Z" finished-at="2019-01-17T03:16:09Z">
          <reporter-output>
          </reporter-output>
        </test-method> <!-- tearDown -->
      </class> <!-- com.nopcommerce.testCases.TC_AddCustomerTest_003 -->
    </test> <!-- nopCommerce Test1 -->
  </suite> <!-- nopCommerce -->
</testng-results>
